{
  "RSpec": {
    "coverage": {
      "/Users/lucygore/Documents/makers_academy/Week10/bank/spec/account_spec.rb": [
        null,
        null,
        1,
        null,
        1,
        7,
        null,
        1,
        1,
        1,
        null,
        null,
        1,
        4,
        null,
        null,
        1,
        1,
        4,
        null,
        null,
        1,
        1,
        1,
        2,
        null,
        null,
        null,
        1,
        1,
        1,
        null,
        null,
        1,
        1,
        1,
        1,
        1,
        null,
        null,
        1,
        1,
        null,
        null,
        null,
        null,
        null,
        null
      ],
      "/Users/lucygore/Documents/makers_academy/Week10/bank/lib/account.rb": [
        null,
        1,
        null,
        1,
        1,
        null,
        1,
        null,
        1,
        11,
        11,
        null,
        null,
        1,
        7,
        7,
        null,
        null,
        null,
        1,
        5,
        5,
        4,
        4,
        null,
        null,
        null
      ],
      "/Users/lucygore/Documents/makers_academy/Week10/bank/lib/today.rb": [
        1,
        null,
        1,
        11,
        null,
        null,
        1,
        8,
        null,
        null,
        null
      ],
      "/Users/lucygore/Documents/makers_academy/Week10/bank/spec/features/account_feature_spec.rb": [
        null,
        null,
        null,
        null,
        null,
        null,
        null,
        1,
        null,
        1,
        null,
        3,
        null,
        1,
        1,
        1,
        null,
        null,
        1,
        1,
        1,
        1,
        null,
        null
      ],
      "/Users/lucygore/Documents/makers_academy/Week10/bank/spec/features/print_statement_feature_spec.rb": [
        null,
        null,
        null,
        null,
        1,
        null,
        2,
        2,
        2,
        1,
        null,
        1,
        1,
        1,
        1,
        1,
        2,
        null,
        null
      ],
      "/Users/lucygore/Documents/makers_academy/Week10/bank/spec/printer_spec.rb": [
        null,
        null,
        1,
        null,
        1,
        2,
        null,
        1,
        1,
        null,
        null,
        1,
        2,
        null,
        null,
        null,
        null
      ],
      "/Users/lucygore/Documents/makers_academy/Week10/bank/lib/printer.rb": [
        null,
        null,
        null,
        1,
        1,
        2,
        2,
        3,
        null,
        null,
        null
      ],
      "/Users/lucygore/Documents/makers_academy/Week10/bank/spec/statement_spec.rb": [
        null,
        null,
        1,
        null,
        1,
        2,
        null,
        1,
        1,
        null,
        null,
        null,
        null,
        null,
        1,
        1,
        1,
        null,
        null,
        null,
        null
      ],
      "/Users/lucygore/Documents/makers_academy/Week10/bank/lib/statement.rb": [
        null,
        null,
        1,
        1,
        null,
        1,
        2,
        2,
        null,
        null,
        1,
        2,
        4,
        null,
        null,
        null,
        null
      ],
      "/Users/lucygore/Documents/makers_academy/Week10/bank/spec/today_spec.rb": [
        1,
        null,
        1,
        null,
        2,
        null,
        1,
        1,
        1,
        null,
        null
      ]
    },
    "timestamp": 1531910986
  }
}
